rfid-app/app/build/intermediates/manifest_merge_blame_file/debug/processDebugMainManifest/manifest-merger-blame-debug-report.txt
1<?xml version="1.0" encoding="utf-8"?>
2<manifest xmlns:android="http://schemas.android.com/apk/res/android"
3    package="com.smartx.rfidreader"
4    android:versionCode="36"
5    android:versionName="6.3.5" > <!-- Allow TSL SDK (minSdk 26) to be merged without raising project minSdk -->
6    <uses-sdk
6-->src/main/AndroidManifest.xml:6:5-71
7        android:minSdkVersion="29"
8        android:targetSdkVersion="34" />
9
10    <!-- Permissões Bluetooth (cobre API 21–30 e 31+) -->
11    <uses-permission
11-->src/main/AndroidManifest.xml:9:5-68
12        android:name="android.permission.BLUETOOTH"
12-->src/main/AndroidManifest.xml:9:22-65
13        android:maxSdkVersion="30" />
13-->[:Rfid.AsciiProtocol-3.5.0-release:] AndroidManifest.xml:9:9-35
14    <uses-permission
14-->src/main/AndroidManifest.xml:10:5-74
15        android:name="android.permission.BLUETOOTH_ADMIN"
15-->src/main/AndroidManifest.xml:10:22-71
16        android:maxSdkVersion="30" />
16-->[:Rfid.AsciiProtocol-3.5.0-release:] AndroidManifest.xml:12:9-35
17    <uses-permission
17-->src/main/AndroidManifest.xml:11:5-13:38
18        android:name="android.permission.BLUETOOTH_CONNECT"
18-->src/main/AndroidManifest.xml:12:9-60
19        android:minSdkVersion="31" />
19-->src/main/AndroidManifest.xml:13:9-35
20    <uses-permission
20-->src/main/AndroidManifest.xml:14:5-17:58
21        android:name="android.permission.BLUETOOTH_SCAN"
21-->src/main/AndroidManifest.xml:15:9-57
22        android:minSdkVersion="31"
22-->src/main/AndroidManifest.xml:16:9-35
23        android:usesPermissionFlags="neverForLocation" />
23-->src/main/AndroidManifest.xml:17:9-55
24
25    <!-- Permissões de localização (necessárias para Bluetooth scan em API 23–30) -->
26    <uses-permission android:name="android.permission.ACCESS_FINE_LOCATION" />
26-->src/main/AndroidManifest.xml:20:5-79
26-->src/main/AndroidManifest.xml:20:22-76
27    <uses-permission android:name="android.permission.ACCESS_COARSE_LOCATION" />
27-->src/main/AndroidManifest.xml:21:5-81
27-->src/main/AndroidManifest.xml:21:22-78
28
29    <!-- Permissões de serviço e hardware -->
30    <uses-permission android:name="android.permission.INTERNET" />
30-->src/main/AndroidManifest.xml:24:5-67
30-->src/main/AndroidManifest.xml:24:22-64
31    <uses-permission android:name="android.permission.FOREGROUND_SERVICE" />
31-->src/main/AndroidManifest.xml:25:5-77
31-->src/main/AndroidManifest.xml:25:22-74
32    <uses-permission android:name="android.permission.VIBRATE" />
32-->src/main/AndroidManifest.xml:26:5-66
32-->src/main/AndroidManifest.xml:26:22-63
33    <uses-permission android:name="android.permission.READ_EXTERNAL_STORAGE" />
33-->[rfidapi3lib-2.0.5.275.aar] AndroidManifest.xml:12:5-80
33-->[rfidapi3lib-2.0.5.275.aar] AndroidManifest.xml:12:22-77
34
35    <permission
35-->[androidx.core:core:1.13.1] AndroidManifest.xml:22:5-24:47
36        android:name="com.smartx.rfidreader.DYNAMIC_RECEIVER_NOT_EXPORTED_PERMISSION"
36-->[androidx.core:core:1.13.1] AndroidManifest.xml:23:9-81
37        android:protectionLevel="signature" />
37-->[androidx.core:core:1.13.1] AndroidManifest.xml:24:9-44
38
39    <uses-permission android:name="com.smartx.rfidreader.DYNAMIC_RECEIVER_NOT_EXPORTED_PERMISSION" />
39-->[androidx.core:core:1.13.1] AndroidManifest.xml:26:5-97
39-->[androidx.core:core:1.13.1] AndroidManifest.xml:26:22-94
40    <uses-permission android:name="android.permission.ACCESS_NETWORK_STATE" />
40-->[:DeviceAPI_ver20251103_release:] AndroidManifest.xml:11:5-79
40-->[:DeviceAPI_ver20251103_release:] AndroidManifest.xml:11:22-76
41    <uses-permission android:name="android.permission.CHANGE_WIFI_STATE" />
41-->[:DeviceAPI_ver20251103_release:] AndroidManifest.xml:14:5-76
41-->[:DeviceAPI_ver20251103_release:] AndroidManifest.xml:14:22-73
42    <uses-permission android:name="android.permission.ACCESS_WIFI_STATE" />
42-->[:DeviceAPI_ver20251103_release:] AndroidManifest.xml:15:5-76
42-->[:DeviceAPI_ver20251103_release:] AndroidManifest.xml:15:22-73
43
44    <application
44-->src/main/AndroidManifest.xml:28:5-63:19
45        android:name="com.smartx.rfidreader.RfidApplication"
45-->src/main/AndroidManifest.xml:29:9-40
46        android:allowBackup="true"
46-->src/main/AndroidManifest.xml:30:9-35
47        android:appComponentFactory="androidx.core.app.CoreComponentFactory"
47-->[androidx.core:core:1.13.1] AndroidManifest.xml:28:18-86
48        android:debuggable="true"
49        android:extractNativeLibs="false"
50        android:icon="@mipmap/ic_launcher"
50-->src/main/AndroidManifest.xml:31:9-43
51        android:label="@string/app_name"
51-->src/main/AndroidManifest.xml:32:9-41
52        android:roundIcon="@mipmap/ic_launcher_round"
52-->src/main/AndroidManifest.xml:33:9-54
53        android:supportsRtl="true"
53-->src/main/AndroidManifest.xml:34:9-35
54        android:theme="@style/Theme.RfidReader"
54-->src/main/AndroidManifest.xml:36:9-48
55        android:usesCleartextTraffic="true" >
55-->src/main/AndroidManifest.xml:35:9-44
56
57        <!-- Tela principal: seleção de leitor + config + leitura (3 abas) -->
58        <activity
58-->src/main/AndroidManifest.xml:40:9-49:20
59            android:name="com.smartx.rfidreader.ui.main.MainActivity"
59-->src/main/AndroidManifest.xml:41:13-49
60            android:exported="true"
60-->src/main/AndroidManifest.xml:42:13-36
61            android:screenOrientation="portrait"
61-->src/main/AndroidManifest.xml:43:13-49
62            android:windowSoftInputMode="adjustResize" >
62-->src/main/AndroidManifest.xml:44:13-55
63            <intent-filter>
63-->src/main/AndroidManifest.xml:45:13-48:29
64                <action android:name="android.intent.action.MAIN" />
64-->src/main/AndroidManifest.xml:46:17-69
64-->src/main/AndroidManifest.xml:46:25-66
65
66                <category android:name="android.intent.category.LAUNCHER" />
66-->src/main/AndroidManifest.xml:47:17-77
66-->src/main/AndroidManifest.xml:47:27-74
67            </intent-filter>
68        </activity>
69
70        <!-- Tela legada de seleção de leitor (não usada como launcher) -->
71        <activity
71-->src/main/AndroidManifest.xml:52:9-56:58
72            android:name="com.smartx.rfidreader.ui.selection.ReaderSelectionActivity"
72-->src/main/AndroidManifest.xml:53:13-65
73            android:exported="false"
73-->src/main/AndroidManifest.xml:54:13-37
74            android:screenOrientation="portrait"
74-->src/main/AndroidManifest.xml:55:13-49
75            android:windowSoftInputMode="adjustResize" />
75-->src/main/AndroidManifest.xml:56:13-55
76
77        <!-- Serviço de webhook que envia leituras periodicamente em foreground -->
78        <service
78-->src/main/AndroidManifest.xml:59:9-61:40
79            android:name="com.smartx.rfidreader.core.webhook.WebhookService"
79-->src/main/AndroidManifest.xml:60:13-56
80            android:exported="false" />
80-->src/main/AndroidManifest.xml:61:13-37
81
82        <activity
82-->[com.google.android.gms:play-services-base:18.5.0] AndroidManifest.xml:5:9-173
83            android:name="com.google.android.gms.common.api.GoogleApiActivity"
83-->[com.google.android.gms:play-services-base:18.5.0] AndroidManifest.xml:5:19-85
84            android:exported="false"
84-->[com.google.android.gms:play-services-base:18.5.0] AndroidManifest.xml:5:146-170
85            android:theme="@android:style/Theme.Translucent.NoTitleBar" />
85-->[com.google.android.gms:play-services-base:18.5.0] AndroidManifest.xml:5:86-145
86
87        <meta-data
87-->[com.google.android.gms:play-services-basement:18.4.0] AndroidManifest.xml:6:9-122
88            android:name="com.google.android.gms.version"
88-->[com.google.android.gms:play-services-basement:18.4.0] AndroidManifest.xml:6:20-65
89            android:value="@integer/google_play_services_version" />
89-->[com.google.android.gms:play-services-basement:18.4.0] AndroidManifest.xml:6:66-119
90
91        <provider
91-->[androidx.emoji2:emoji2:1.3.0] AndroidManifest.xml:24:9-32:20
92            android:name="androidx.startup.InitializationProvider"
92-->[androidx.emoji2:emoji2:1.3.0] AndroidManifest.xml:25:13-67
93            android:authorities="com.smartx.rfidreader.androidx-startup"
93-->[androidx.emoji2:emoji2:1.3.0] AndroidManifest.xml:26:13-68
94            android:exported="false" >
94-->[androidx.emoji2:emoji2:1.3.0] AndroidManifest.xml:27:13-37
95            <meta-data
95-->[androidx.emoji2:emoji2:1.3.0] AndroidManifest.xml:29:13-31:52
96                android:name="androidx.emoji2.text.EmojiCompatInitializer"
96-->[androidx.emoji2:emoji2:1.3.0] AndroidManifest.xml:30:17-75
97                android:value="androidx.startup" />
97-->[androidx.emoji2:emoji2:1.3.0] AndroidManifest.xml:31:17-49
98            <meta-data
98-->[androidx.lifecycle:lifecycle-process:2.8.5] AndroidManifest.xml:29:13-31:52
99                android:name="androidx.lifecycle.ProcessLifecycleInitializer"
99-->[androidx.lifecycle:lifecycle-process:2.8.5] AndroidManifest.xml:30:17-78
100                android:value="androidx.startup" />
100-->[androidx.lifecycle:lifecycle-process:2.8.5] AndroidManifest.xml:31:17-49
101            <meta-data
101-->[androidx.profileinstaller:profileinstaller:1.3.1] AndroidManifest.xml:29:13-31:52
102                android:name="androidx.profileinstaller.ProfileInstallerInitializer"
102-->[androidx.profileinstaller:profileinstaller:1.3.1] AndroidManifest.xml:30:17-85
103                android:value="androidx.startup" />
103-->[androidx.profileinstaller:profileinstaller:1.3.1] AndroidManifest.xml:31:17-49
104        </provider>
105
106        <service
106-->[androidx.room:room-runtime:2.6.1] AndroidManifest.xml:24:9-28:63
107            android:name="androidx.room.MultiInstanceInvalidationService"
107-->[androidx.room:room-runtime:2.6.1] AndroidManifest.xml:25:13-74
108            android:directBootAware="true"
108-->[androidx.room:room-runtime:2.6.1] AndroidManifest.xml:26:13-43
109            android:exported="false" />
109-->[androidx.room:room-runtime:2.6.1] AndroidManifest.xml:27:13-37
110
111        <receiver
111-->[androidx.profileinstaller:profileinstaller:1.3.1] AndroidManifest.xml:34:9-52:20
112            android:name="androidx.profileinstaller.ProfileInstallReceiver"
112-->[androidx.profileinstaller:profileinstaller:1.3.1] AndroidManifest.xml:35:13-76
113            android:directBootAware="false"
113-->[androidx.profileinstaller:profileinstaller:1.3.1] AndroidManifest.xml:36:13-44
114            android:enabled="true"
114-->[androidx.profileinstaller:profileinstaller:1.3.1] AndroidManifest.xml:37:13-35
115            android:exported="true"
115-->[androidx.profileinstaller:profileinstaller:1.3.1] AndroidManifest.xml:38:13-36
116            android:permission="android.permission.DUMP" >
116-->[androidx.profileinstaller:profileinstaller:1.3.1] AndroidManifest.xml:39:13-57
117            <intent-filter>
117-->[androidx.profileinstaller:profileinstaller:1.3.1] AndroidManifest.xml:40:13-42:29
118                <action android:name="androidx.profileinstaller.action.INSTALL_PROFILE" />
118-->[androidx.profileinstaller:profileinstaller:1.3.1] AndroidManifest.xml:41:17-91
118-->[androidx.profileinstaller:profileinstaller:1.3.1] AndroidManifest.xml:41:25-88
119            </intent-filter>
120            <intent-filter>
120-->[androidx.profileinstaller:profileinstaller:1.3.1] AndroidManifest.xml:43:13-45:29
121                <action android:name="androidx.profileinstaller.action.SKIP_FILE" />
121-->[androidx.profileinstaller:profileinstaller:1.3.1] AndroidManifest.xml:44:17-85
121-->[androidx.profileinstaller:profileinstaller:1.3.1] AndroidManifest.xml:44:25-82
122            </intent-filter>
123            <intent-filter>
123-->[androidx.profileinstaller:profileinstaller:1.3.1] AndroidManifest.xml:46:13-48:29
124                <action android:name="androidx.profileinstaller.action.SAVE_PROFILE" />
124-->[androidx.profileinstaller:profileinstaller:1.3.1] AndroidManifest.xml:47:17-88
124-->[androidx.profileinstaller:profileinstaller:1.3.1] AndroidManifest.xml:47:25-85
125            </intent-filter>
126            <intent-filter>
126-->[androidx.profileinstaller:profileinstaller:1.3.1] AndroidManifest.xml:49:13-51:29
127                <action android:name="androidx.profileinstaller.action.BENCHMARK_OPERATION" />
127-->[androidx.profileinstaller:profileinstaller:1.3.1] AndroidManifest.xml:50:17-95
127-->[androidx.profileinstaller:profileinstaller:1.3.1] AndroidManifest.xml:50:25-92
128            </intent-filter>
129        </receiver>
130
131        <service android:name="com.honeywell.rfidservice.RfidService" >
131-->[:honeywell_rfid_sdk:] AndroidManifest.xml:15:9-16:19
131-->[:honeywell_rfid_sdk:] AndroidManifest.xml:15:18-70
132        </service>
133    </application>
134
135</manifest>